<?xml version="1.0" encoding="UTF-8"?>
<testsuites>
  <testsuite name="fastlane.lanes">
    
    
    
      
      <testcase classname="fastlane.lanes" name="0: Verifying fastlane version" time="0.014637">
        
      </testcase>
    
      
      <testcase classname="fastlane.lanes" name="1: ensure_git_branch" time="0.012365">
        
      </testcase>
    
      
      <testcase classname="fastlane.lanes" name="2: ensure_git_status_clean" time="0.014551">
        
      </testcase>
    
      
      <testcase classname="fastlane.lanes" name="3: version_bump_podspec" time="0.002722">
        
      </testcase>
    
      
      <testcase classname="fastlane.lanes" name="4: git_commit" time="0.030196">
        
      </testcase>
    
      
      <testcase classname="fastlane.lanes" name="5: add_git_tag" time="0.017057">
        
      </testcase>
    
      
      <testcase classname="fastlane.lanes" name="6: push_to_git_remote" time="2.858939">
        
      </testcase>
    
      
      <testcase classname="fastlane.lanes" name="7: pod_push" time="42.19625">
        
          <failure message="/Library/Ruby/Gems/2.3.0/gems/fastlane-2.106.0/fastlane/lib/fastlane/actions/actions_helper.rb:48:in `execute_action'&#10;/Library/Ruby/Gems/2.3.0/gems/fastlane-2.106.0/fastlane/lib/fastlane/runner.rb:232:in `block in execute_action'&#10;/Library/Ruby/Gems/2.3.0/gems/fastlane-2.106.0/fastlane/lib/fastlane/runner.rb:227:in `chdir'&#10;/Library/Ruby/Gems/2.3.0/gems/fastlane-2.106.0/fastlane/lib/fastlane/runner.rb:227:in `execute_action'&#10;/Library/Ruby/Gems/2.3.0/gems/fastlane-2.106.0/fastlane/lib/fastlane/runner.rb:157:in `trigger_action_by_name'&#10;/Library/Ruby/Gems/2.3.0/gems/fastlane-2.106.0/fastlane/lib/fastlane/fast_file.rb:149:in `method_missing'&#10;Fastfile:21:in `block in parsing_binding'&#10;/Library/Ruby/Gems/2.3.0/gems/fastlane-2.106.0/fastlane/lib/fastlane/lane.rb:33:in `call'&#10;/Library/Ruby/Gems/2.3.0/gems/fastlane-2.106.0/fastlane/lib/fastlane/runner.rb:49:in `block in execute'&#10;/Library/Ruby/Gems/2.3.0/gems/fastlane-2.106.0/fastlane/lib/fastlane/runner.rb:45:in `chdir'&#10;/Library/Ruby/Gems/2.3.0/gems/fastlane-2.106.0/fastlane/lib/fastlane/runner.rb:45:in `execute'&#10;/Library/Ruby/Gems/2.3.0/gems/fastlane-2.106.0/fastlane/lib/fastlane/lane_manager.rb:56:in `cruise_lane'&#10;/Library/Ruby/Gems/2.3.0/gems/fastlane-2.106.0/fastlane/lib/fastlane/command_line_handler.rb:36:in `handle'&#10;/Library/Ruby/Gems/2.3.0/gems/fastlane-2.106.0/fastlane/lib/fastlane/commands_generator.rb:108:in `block (2 levels) in run'&#10;/Library/Ruby/Gems/2.3.0/gems/commander-fastlane-4.4.6/lib/commander/command.rb:178:in `call'&#10;/Library/Ruby/Gems/2.3.0/gems/commander-fastlane-4.4.6/lib/commander/command.rb:153:in `run'&#10;/Library/Ruby/Gems/2.3.0/gems/commander-fastlane-4.4.6/lib/commander/runner.rb:476:in `run_active_command'&#10;/Library/Ruby/Gems/2.3.0/gems/fastlane-2.106.0/fastlane_core/lib/fastlane_core/ui/fastlane_runner.rb:76:in `run!'&#10;/Library/Ruby/Gems/2.3.0/gems/commander-fastlane-4.4.6/lib/commander/delegates.rb:15:in `run!'&#10;/Library/Ruby/Gems/2.3.0/gems/fastlane-2.106.0/fastlane/lib/fastlane/commands_generator.rb:333:in `run'&#10;/Library/Ruby/Gems/2.3.0/gems/fastlane-2.106.0/fastlane/lib/fastlane/commands_generator.rb:41:in `start'&#10;/Library/Ruby/Gems/2.3.0/gems/fastlane-2.106.0/fastlane/lib/fastlane/cli_tools_distributor.rb:108:in `take_off'&#10;/Library/Ruby/Gems/2.3.0/gems/fastlane-2.106.0/bin/fastlane:43:in `&lt;top (required)&gt;'&#10;/usr/local/bin/fastlane:22:in `load'&#10;/usr/local/bin/fastlane:22:in `&lt;main&gt;'&#10;&#10;Exit status of command 'pod trunk push --allow-warnings' was 1 instead of 0.&#10;[32m&#10;[!] Found podspec `APLIntroView.podspec`[0m&#10;Updating spec repo `master`&#10;Validating podspec&#10; -&gt; APLIntroView -&gt; APLIntroView (0.2.0)&#10;    - ERROR | [iOS] unknown: Encountered an unknown error (/usr/bin/xcrun simctl list -j devices&#10;&#10;xcrun: error: unable to find utility &quot;simctl&quot;, not a developer tool or in PATH&#10;) during validation.&#10;&#10;[!] The spec did not pass validation, due to 1 error.&#10;" />
        
      </testcase>
    
  </testsuite>
</testsuites>
